Build started 12/17/2014 11:10:27 AM.
     1>Project "C:\Users\User\Documents\Visual Studio 2013\Projects\cfelTest\cfelTest\cfelTest.vcxproj" on node 2 (Build target(s)).
     1>ClCompile:
         C:\Program Files (x86)\Microsoft Visual Studio 12.0\VC\bin\CL.exe /c /ZI /nologo /W3 /WX- /sdl /Od /Oy- /D WIN32 /D _DEBUG /D _CONSOLE /D _LIB /D _UNICODE /D UNICODE /Gm /EHsc /RTC1 /MDd /GS /fp:precise /Zc:wchar_t /Zc:forScope /Yu"stdafx.h" /Fp"Debug\cfelTest.pch" /Fo"Debug\\" /Fd"Debug\vc120.pdb" /Gd /TP /analyze- /errorReport:prompt cfelTest.cpp
         cfelTest.cpp
       Link:
         C:\Program Files (x86)\Microsoft Visual Studio 12.0\VC\bin\link.exe /ERRORREPORT:PROMPT /OUT:"C:\Users\User\Documents\Visual Studio 2013\Projects\cfelTest\Debug\cfelTest.exe" /INCREMENTAL /NOLOGO kernel32.lib user32.lib gdi32.lib winspool.lib comdlg32.lib advapi32.lib shell32.lib ole32.lib oleaut32.lib uuid.lib odbc32.lib odbccp32.lib /MANIFEST /MANIFESTUAC:"level='asInvoker' uiAccess='false'" /manifest:embed /DEBUG /PDB:"C:\Users\User\Documents\Visual Studio 2013\Projects\cfelTest\Debug\cfelTest.pdb" /SUBSYSTEM:CONSOLE /TLBID:1 /DYNAMICBASE /NXCOMPAT /IMPLIB:"C:\Users\User\Documents\Visual Studio 2013\Projects\cfelTest\Debug\cfelTest.lib" /MACHINE:X86 Debug\cfelTest.obj
         Debug\stdafx.obj
     1>cfelTest.obj : error LNK2019: unresolved external symbol "public: double * __thiscall FeatureExtractionSpectral::get_signal(void)" (?get_signal@FeatureExtractionSpectral@@QAEPANXZ) referenced in function "public: void __thiscall FeatureExtractionSpectral::calculate_magSpec(void)" (?calculate_magSpec@FeatureExtractionSpectral@@QAEXXZ)
     1>cfelTest.obj : error LNK2019: unresolved external symbol "public: void __thiscall FeatureExtractionSpectral::set_signal(double *)" (?set_signal@FeatureExtractionSpectral@@QAEXPAN@Z) referenced in function "public: __thiscall FeatureExtractionSpectral::FeatureExtractionSpectral(double *,int,int,int,int)" (??0FeatureExtractionSpectral@@QAE@PANHHHH@Z)
     1>cfelTest.obj : error LNK2019: unresolved external symbol "public: void __thiscall FeatureExtractionSpectral::set_bufSize(int)" (?set_bufSize@FeatureExtractionSpectral@@QAEXH@Z) referenced in function "public: __thiscall FeatureExtractionSpectral::FeatureExtractionSpectral(double *,int,int,int,int)" (??0FeatureExtractionSpectral@@QAE@PANHHHH@Z)
     1>cfelTest.obj : error LNK2019: unresolved external symbol "public: int __thiscall FeatureExtractionSpectral::get_fs(void)" (?get_fs@FeatureExtractionSpectral@@QAEHXZ) referenced in function "public: void __thiscall FeatureExtractionSpectral::calculate_fBinSize(void)" (?calculate_fBinSize@FeatureExtractionSpectral@@QAEXXZ)
     1>cfelTest.obj : error LNK2019: unresolved external symbol "public: void __thiscall FeatureExtractionSpectral::set_fs(int)" (?set_fs@FeatureExtractionSpectral@@QAEXH@Z) referenced in function "public: __thiscall FeatureExtractionSpectral::FeatureExtractionSpectral(double *,int,int,int,int)" (??0FeatureExtractionSpectral@@QAE@PANHHHH@Z)
     1>cfelTest.obj : error LNK2019: unresolved external symbol "public: int __thiscall FeatureExtractionSpectral::get_winSize(void)" (?get_winSize@FeatureExtractionSpectral@@QAEHXZ) referenced in function "public: __thiscall FeatureExtractionSpectral::~FeatureExtractionSpectral(void)" (??1FeatureExtractionSpectral@@QAE@XZ)
     1>cfelTest.obj : error LNK2019: unresolved external symbol "public: void __thiscall FeatureExtractionSpectral::set_winSize(int)" (?set_winSize@FeatureExtractionSpectral@@QAEXH@Z) referenced in function "public: __thiscall FeatureExtractionSpectral::FeatureExtractionSpectral(double *,int,int,int,int)" (??0FeatureExtractionSpectral@@QAE@PANHHHH@Z)
     1>cfelTest.obj : error LNK2019: unresolved external symbol "public: int __thiscall FeatureExtractionSpectral::get_hopSize(void)" (?get_hopSize@FeatureExtractionSpectral@@QAEHXZ) referenced in function "public: void __thiscall FeatureExtractionSpectral::calculate_magSpec(void)" (?calculate_magSpec@FeatureExtractionSpectral@@QAEXXZ)
     1>cfelTest.obj : error LNK2019: unresolved external symbol "public: void __thiscall FeatureExtractionSpectral::set_hopSize(int)" (?set_hopSize@FeatureExtractionSpectral@@QAEXH@Z) referenced in function "public: __thiscall FeatureExtractionSpectral::FeatureExtractionSpectral(double *,int,int,int,int)" (??0FeatureExtractionSpectral@@QAE@PANHHHH@Z)
     1>cfelTest.obj : error LNK2001: unresolved external symbol "public: virtual void __thiscall FeatureExtractionSpectral::preprocess(void)" (?preprocess@FeatureExtractionSpectral@@UAEXXZ)
     1>cfelTest.obj : error LNK2001: unresolved external symbol "public: virtual void __thiscall FeatureExtractionSpectral::calculate_feature(void)" (?calculate_feature@FeatureExtractionSpectral@@UAEXXZ)
     1>cfelTest.obj : error LNK2019: unresolved external symbol "public: int __thiscall FeatureExtractionSpectral::get_nRows(void)" (?get_nRows@FeatureExtractionSpectral@@QAEHXZ) referenced in function "public: void __thiscall FeatureExtractionSpectral::calculate_magSpec(void)" (?calculate_magSpec@FeatureExtractionSpectral@@QAEXXZ)
     1>cfelTest.obj : error LNK2019: unresolved external symbol "public: int __thiscall FeatureExtractionSpectral::get_nCols(void)" (?get_nCols@FeatureExtractionSpectral@@QAEHXZ) referenced in function "public: __thiscall FeatureExtractionSpectral::~FeatureExtractionSpectral(void)" (??1FeatureExtractionSpectral@@QAE@XZ)
     1>C:\Users\User\Documents\Visual Studio 2013\Projects\cfelTest\Debug\cfelTest.exe : fatal error LNK1120: 13 unresolved externals
     1>Done Building Project "C:\Users\User\Documents\Visual Studio 2013\Projects\cfelTest\cfelTest\cfelTest.vcxproj" (Build target(s)) -- FAILED.

Build FAILED.

Time Elapsed 00:00:00.95
